Copyright 1986-2022 Xilinx, Inc. All Rights Reserved. Copyright 2022-2023 Advanced Micro Devices, Inc. All Rights Reserved.
---------------------------------------------------------------------------------------------------------------------------------------------
| Tool Version : Vivado v.2023.1 (win64) Build 3865809 Sun May  7 15:05:29 MDT 2023
| Date         : Wed Jan  3 00:20:01 2024
| Host         : LAPTOP-0QV7VRLL running 64-bit major release  (build 9200)
| Command      : upgrade_project -migrate_output_products
| Project_Path : C:/Users/76925/Desktop/computer_architecture/exp6/Exp6/Exp6.xpr
---------------------------------------------------------------------------------------------------------------------------------------------

Project Status Summary

1. Project IP Status
--------------------
This project contains 2 IP and 0 Block Designs.


1.1 Project IP Instances
+------------+-------------------------+-------------------------------------+-------------------------------------+
| Instance   | Status                  | Reason                              | Recommendation                      |
| Name       |                         |                                     |                                     |
+------------+-------------------------+-------------------------------------+-------------------------------------+
| divider    | Will be Migrated.       |                                     |                                     |
+------------+-------------------------+-------------------------------------+-------------------------------------+
| multiplier | Will be Migrated.       |                                     |                                     |
+------------+-------------------------+-------------------------------------+-------------------------------------+



