Copyright 1986-2022 Xilinx, Inc. All Rights Reserved. Copyright 2022-2023 Advanced Micro Devices, Inc. All Rights Reserved.
---------------------------------------------------------------------------------------------------------------------------------------------
| Tool Version : Vivado v.2023.1 (win64) Build 3865809 Sun May  7 15:05:29 MDT 2023
| Date         : Tue Nov 28 16:07:04 2023
| Host         : LAPTOP-0QV7VRLL running 64-bit major release  (build 9200)
| Command      : upgrade_ip
| Device       : xc7k325tffg676-2L
---------------------------------------------------------------------------------------------------------------------------------------------

Upgrade Log for IP 'multiplier'

1. Summary
----------

SUCCESS in the upgrade of multiplier (xilinx.com:ip:mult_gen:12.0) from (Rev. 14) to (Rev. 18)






Copyright 1986-2022 Xilinx, Inc. All Rights Reserved. Copyright 2022-2023 Advanced Micro Devices, Inc. All Rights Reserved.
---------------------------------------------------------------------------------------------------------------------------------------------
| Tool Version : Vivado v.2023.1 (win64) Build 3865809 Sun May  7 15:05:29 MDT 2023
| Date         : Tue Nov 28 16:07:03 2023
| Host         : LAPTOP-0QV7VRLL running 64-bit major release  (build 9200)
| Command      : upgrade_ip
| Device       : xc7k325tffg676-2L
---------------------------------------------------------------------------------------------------------------------------------------------

Upgrade Log for IP 'divider'

1. Summary
----------

SUCCESS in the upgrade of divider (xilinx.com:ip:div_gen:5.1) from (Rev. 13) to (Rev. 19)

